[INFO ] 2018-10-03 17:50:16.131 [main] ConfigServicePropertySourceLocator - Fetching config from server at : http://localhost:9101
[INFO ] 2018-10-03 17:50:18.460 [main] ConfigServicePropertySourceLocator - Located environment: name=zuul-server, profiles=[default], label=null, version=391981f6077522f89186afe678376251d448945e, state=null
[INFO ] 2018-10-03 17:50:18.460 [main] PropertySourceBootstrapConfiguration - Located property source: CompositePropertySource {name='configService', propertySources=[MapPropertySource {name='configClient'}, MapPropertySource {name='git@github.com:chat-roux/mcommerce-config-repo.git/zuul-server.yml'}]}
[INFO ] 2018-10-03 17:50:19.261 [main] GenericScope - BeanFactory id=408f560f-5866-3e9e-93ec-14e5c91b8588
[INFO ] 2018-10-03 17:50:22.300 [main] ZuulFilterInitializer - Starting filter initializer
[INFO ] 2018-10-03 17:50:22.413 [main] InstanceInfoFactory - Setting initial instance status as: STARTING
[INFO ] 2018-10-03 17:50:22.992 [main] EurekaServiceRegistry - Registering application zuul-server with eureka with status UP
[INFO ] 2018-10-03 17:50:23.033 [main] EurekaAutoServiceRegistration - Updating port to 9103
[INFO ] 2018-10-03 17:56:05.591 [http-nio-9103-exec-1] ZuulHandlerMapping - Mapped URL path [/microservice-commande/**] onto handler of type [class org.springframework.cloud.netflix.zuul.web.ZuulController]
[INFO ] 2018-10-03 17:56:05.591 [http-nio-9103-exec-1] ZuulHandlerMapping - Mapped URL path [/microservice-produit/**] onto handler of type [class org.springframework.cloud.netflix.zuul.web.ZuulController]
[INFO ] 2018-10-03 17:56:05.591 [http-nio-9103-exec-1] ZuulHandlerMapping - Mapped URL path [/microservice-clientui/**] onto handler of type [class org.springframework.cloud.netflix.zuul.web.ZuulController]
[INFO ] 2018-10-03 17:56:05.591 [http-nio-9103-exec-1] ZuulHandlerMapping - Mapped URL path [/microservice-paiement/**] onto handler of type [class org.springframework.cloud.netflix.zuul.web.ZuulController]
[INFO ] 2018-10-03 18:23:47.527 [RMI TCP Connection(46)-127.0.0.1] EurekaServiceRegistry - Unregistering application zuul-server with eureka with status DOWN
[INFO ] 2018-10-03 18:23:47.556 [RMI TCP Connection(46)-127.0.0.1] ZuulFilterInitializer - Stopping filter initializer
[INFO ] 2018-10-03 18:23:55.626 [main] ConfigServicePropertySourceLocator - Fetching config from server at : http://localhost:9101
[INFO ] 2018-10-03 18:23:57.743 [main] ConfigServicePropertySourceLocator - Located environment: name=zuul-server, profiles=[default], label=null, version=391981f6077522f89186afe678376251d448945e, state=null
[INFO ] 2018-10-03 18:23:57.743 [main] PropertySourceBootstrapConfiguration - Located property source: CompositePropertySource {name='configService', propertySources=[MapPropertySource {name='configClient'}, MapPropertySource {name='git@github.com:chat-roux/mcommerce-config-repo.git/zuul-server.yml'}]}
[INFO ] 2018-10-03 18:23:58.576 [main] GenericScope - BeanFactory id=67870c63-2fe5-3c54-bfdc-1f0e1d0386fc
[INFO ] 2018-10-03 18:24:01.627 [main] ZuulFilterInitializer - Starting filter initializer
[INFO ] 2018-10-03 18:24:01.767 [main] InstanceInfoFactory - Setting initial instance status as: STARTING
[INFO ] 2018-10-03 18:24:02.275 [main] EurekaServiceRegistry - Registering application zuul-server with eureka with status UP
[INFO ] 2018-10-03 18:24:02.321 [main] EurekaAutoServiceRegistration - Updating port to 9103
[INFO ] 2018-10-03 18:58:45.241 [http-nio-9103-exec-2] ZuulHandlerMapping - Mapped URL path [/microservice-commande/**] onto handler of type [class org.springframework.cloud.netflix.zuul.web.ZuulController]
[INFO ] 2018-10-03 18:58:45.241 [http-nio-9103-exec-2] ZuulHandlerMapping - Mapped URL path [/microservice-produit/**] onto handler of type [class org.springframework.cloud.netflix.zuul.web.ZuulController]
[INFO ] 2018-10-03 18:58:45.241 [http-nio-9103-exec-2] ZuulHandlerMapping - Mapped URL path [/microservice-clientui/**] onto handler of type [class org.springframework.cloud.netflix.zuul.web.ZuulController]
[INFO ] 2018-10-03 18:58:45.241 [http-nio-9103-exec-2] ZuulHandlerMapping - Mapped URL path [/microservice-paiement/**] onto handler of type [class org.springframework.cloud.netflix.zuul.web.ZuulController]
[INFO ] 2018-10-03 19:01:58.233 [RMI TCP Connection(45)-127.0.0.1] EurekaServiceRegistry - Unregistering application zuul-server with eureka with status DOWN
[INFO ] 2018-10-03 19:01:58.237 [RMI TCP Connection(45)-127.0.0.1] ZuulFilterInitializer - Stopping filter initializer
[INFO ] 2018-10-03 19:26:43.360 [main] ConfigServicePropertySourceLocator - Fetching config from server at : http://localhost:9101
[INFO ] 2018-10-03 19:26:45.362 [main] ConfigServicePropertySourceLocator - Located environment: name=zuul-server, profiles=[default], label=null, version=3cb6c4a978a1af244e17b6597574e6bca30ba828, state=null
[INFO ] 2018-10-03 19:26:45.362 [main] PropertySourceBootstrapConfiguration - Located property source: CompositePropertySource {name='configService', propertySources=[MapPropertySource {name='configClient'}, MapPropertySource {name='git@github.com:chat-roux/mcommerce-config-repo.git/zuul-server.yml'}, MapPropertySource {name='git@github.com:chat-roux/mcommerce-config-repo.git/application.yml'}]}
[INFO ] 2018-10-03 19:26:46.104 [main] GenericScope - BeanFactory id=9b33f6cb-1973-3886-846d-e7bc63a4b9da
[INFO ] 2018-10-03 19:26:49.014 [main] ZuulFilterInitializer - Starting filter initializer
[INFO ] 2018-10-03 19:26:49.129 [main] InstanceInfoFactory - Setting initial instance status as: STARTING
[INFO ] 2018-10-03 19:26:49.708 [main] EurekaServiceRegistry - Registering application zuul-server with eureka with status UP
[INFO ] 2018-10-03 19:26:49.761 [main] EurekaAutoServiceRegistration - Updating port to 9103
[WARN ] 2018-10-03 19:28:31.257 [http-nio-9103-exec-2] ZuulHandlerMapping - No routes found from RouteLocator
[INFO ] 2018-10-03 19:32:28.619 [http-nio-9103-exec-6] ZuulHandlerMapping - Mapped URL path [/microservice-produit/**] onto handler of type [class org.springframework.cloud.netflix.zuul.web.ZuulController]
[INFO ] 2018-10-03 19:32:28.622 [http-nio-9103-exec-6] ZuulHandlerMapping - Mapped URL path [/microservice-commande/**] onto handler of type [class org.springframework.cloud.netflix.zuul.web.ZuulController]
[INFO ] 2018-10-03 19:32:28.622 [http-nio-9103-exec-6] ZuulHandlerMapping - Mapped URL path [/microservice-paiement/**] onto handler of type [class org.springframework.cloud.netflix.zuul.web.ZuulController]
[INFO ] 2018-10-03 19:33:29.677 [http-nio-9103-exec-8] ZuulHandlerMapping - Mapped URL path [/microservice-clientui/**] onto handler of type [class org.springframework.cloud.netflix.zuul.web.ZuulController]
[INFO ] 2018-10-03 19:52:53.271 [RMI TCP Connection(33)-127.0.0.1] EurekaServiceRegistry - Unregistering application zuul-server with eureka with status DOWN
[INFO ] 2018-10-03 19:52:53.308 [RMI TCP Connection(33)-127.0.0.1] ZuulFilterInitializer - Stopping filter initializer
[INFO ] 2018-10-03 19:53:49.079 [main] ConfigServicePropertySourceLocator - Fetching config from server at : http://localhost:9101
[INFO ] 2018-10-03 19:53:50.932 [main] ConfigServicePropertySourceLocator - Located environment: name=zuul-server, profiles=[default], label=null, version=4f80c32af0e8db73ab3be01d9f1c32a28b277770, state=null
[INFO ] 2018-10-03 19:53:50.933 [main] PropertySourceBootstrapConfiguration - Located property source: CompositePropertySource {name='configService', propertySources=[MapPropertySource {name='configClient'}, MapPropertySource {name='git@github.com:chat-roux/mcommerce-config-repo.git/zuul-server.yml'}, MapPropertySource {name='git@github.com:chat-roux/mcommerce-config-repo.git/application.yml'}]}
[INFO ] 2018-10-03 19:53:51.839 [main] GenericScope - BeanFactory id=cd9e242b-0f92-3210-a2dd-cecac7b42b9c
[INFO ] 2018-10-03 19:53:55.340 [main] ZuulFilterInitializer - Starting filter initializer
[INFO ] 2018-10-03 19:53:55.465 [main] InstanceInfoFactory - Setting initial instance status as: STARTING
[INFO ] 2018-10-03 19:53:56.116 [main] EurekaServiceRegistry - Registering application zuul-server with eureka with status UP
[INFO ] 2018-10-03 19:53:56.192 [main] EurekaAutoServiceRegistration - Updating port to 9103
[INFO ] 2018-10-03 19:55:46.560 [http-nio-9103-exec-1] ZuulHandlerMapping - Mapped URL path [/microservice-produit/**] onto handler of type [class org.springframework.cloud.netflix.zuul.web.ZuulController]
[INFO ] 2018-10-03 20:34:01.573 [RMI TCP Connection(48)-127.0.0.1] EurekaServiceRegistry - Unregistering application zuul-server with eureka with status DOWN
[INFO ] 2018-10-03 20:34:01.605 [RMI TCP Connection(48)-127.0.0.1] ZuulFilterInitializer - Stopping filter initializer
[INFO ] 2018-10-03 20:34:41.064 [main] ConfigServicePropertySourceLocator - Fetching config from server at : http://localhost:9101
[INFO ] 2018-10-03 20:34:43.070 [main] ConfigServicePropertySourceLocator - Located environment: name=zuul-server, profiles=[default], label=null, version=8482863110e54f9f6a9f5ea5a401e37449fad689, state=null
[INFO ] 2018-10-03 20:34:43.071 [main] PropertySourceBootstrapConfiguration - Located property source: CompositePropertySource {name='configService', propertySources=[MapPropertySource {name='configClient'}, MapPropertySource {name='git@github.com:chat-roux/mcommerce-config-repo.git/zuul-server.yml'}, MapPropertySource {name='git@github.com:chat-roux/mcommerce-config-repo.git/application.yml'}]}
[INFO ] 2018-10-03 20:34:43.872 [main] GenericScope - BeanFactory id=cd9e242b-0f92-3210-a2dd-cecac7b42b9c
[INFO ] 2018-10-03 20:34:47.138 [main] ZuulFilterInitializer - Starting filter initializer
[INFO ] 2018-10-03 20:34:47.258 [main] InstanceInfoFactory - Setting initial instance status as: STARTING
[INFO ] 2018-10-03 20:34:47.828 [main] EurekaServiceRegistry - Registering application zuul-server with eureka with status UP
[INFO ] 2018-10-03 20:34:47.879 [main] EurekaAutoServiceRegistration - Updating port to 9103
[INFO ] 2018-10-03 20:36:06.401 [http-nio-9103-exec-2] ZuulHandlerMapping - Mapped URL path [/microservice-produit/**] onto handler of type [class org.springframework.cloud.netflix.zuul.web.ZuulController]
[INFO ] 2018-10-03 20:47:38.291 [http-nio-9103-exec-5] ZuulHandlerMapping - Mapped URL path [/microservice-commande/**] onto handler of type [class org.springframework.cloud.netflix.zuul.web.ZuulController]
[INFO ] 2018-10-03 20:47:38.291 [http-nio-9103-exec-5] ZuulHandlerMapping - Mapped URL path [/microservice-paiement/**] onto handler of type [class org.springframework.cloud.netflix.zuul.web.ZuulController]
[INFO ] 2018-10-03 21:05:53.935 [RMI TCP Connection(39)-127.0.0.1] EurekaServiceRegistry - Unregistering application zuul-server with eureka with status DOWN
[INFO ] 2018-10-03 21:05:53.961 [RMI TCP Connection(39)-127.0.0.1] ZuulFilterInitializer - Stopping filter initializer
[INFO ] 2018-10-03 21:06:12.223 [main] ConfigServicePropertySourceLocator - Fetching config from server at : http://localhost:9101
[INFO ] 2018-10-03 21:06:14.415 [main] ConfigServicePropertySourceLocator - Located environment: name=zuul-server, profiles=[default], label=null, version=8482863110e54f9f6a9f5ea5a401e37449fad689, state=null
[INFO ] 2018-10-03 21:06:14.416 [main] PropertySourceBootstrapConfiguration - Located property source: CompositePropertySource {name='configService', propertySources=[MapPropertySource {name='configClient'}, MapPropertySource {name='git@github.com:chat-roux/mcommerce-config-repo.git/zuul-server.yml'}, MapPropertySource {name='git@github.com:chat-roux/mcommerce-config-repo.git/application.yml'}]}
[INFO ] 2018-10-03 21:06:15.221 [main] GenericScope - BeanFactory id=cd9e242b-0f92-3210-a2dd-cecac7b42b9c
[INFO ] 2018-10-03 21:06:18.593 [main] ZuulFilterInitializer - Starting filter initializer
[INFO ] 2018-10-03 21:06:18.714 [main] InstanceInfoFactory - Setting initial instance status as: STARTING
[INFO ] 2018-10-03 21:06:19.197 [main] EurekaServiceRegistry - Registering application zuul-server with eureka with status UP
[INFO ] 2018-10-03 21:06:19.238 [main] EurekaAutoServiceRegistration - Updating port to 9103
[INFO ] 2018-10-03 21:08:10.628 [http-nio-9103-exec-1] ZuulHandlerMapping - Mapped URL path [/microservice-commande/**] onto handler of type [class org.springframework.cloud.netflix.zuul.web.ZuulController]
[INFO ] 2018-10-03 21:08:10.628 [http-nio-9103-exec-1] ZuulHandlerMapping - Mapped URL path [/microservice-produit/**] onto handler of type [class org.springframework.cloud.netflix.zuul.web.ZuulController]
[INFO ] 2018-10-03 21:08:10.628 [http-nio-9103-exec-1] ZuulHandlerMapping - Mapped URL path [/microservice-clientui/**] onto handler of type [class org.springframework.cloud.netflix.zuul.web.ZuulController]
[INFO ] 2018-10-03 21:08:10.629 [http-nio-9103-exec-1] ZuulHandlerMapping - Mapped URL path [/microservice-paiement/**] onto handler of type [class org.springframework.cloud.netflix.zuul.web.ZuulController]
[INFO ] 2018-10-03 23:15:28.340 [RMI TCP Connection(138)-127.0.0.1] EurekaServiceRegistry - Unregistering application zuul-server with eureka with status DOWN
[INFO ] 2018-10-03 23:15:28.361 [RMI TCP Connection(138)-127.0.0.1] ZuulFilterInitializer - Stopping filter initializer
